2019-02-12 11:44:06,588 [Worker-2: Loading available Gradle versions] INFO  o.e.b.c.i.u.g.PublishedGradleVersions - Gradle version information cache is up-to-date. Trying to read.
2019-02-12 11:44:41,351 [Worker-1: Importing Maven projects] INFO  o.e.m.c.i.l.LifecycleMappingFactory - Using org.eclipse.m2e.jdt.JarLifecycleMapping lifecycle mapping for MavenProject: com.example:Bibliografia:0.0.1-SNAPSHOT @ C:\Users\Usuario\Documents\GitHub\santatecla-bibliografia-2\Bibliografia\pom.xml.
2019-02-12 11:44:43,370 [Worker-1: Importing Maven projects] INFO  o.e.m.j.i.AbstractJavaProjectConfigurator - Adding source folder /Bibliografia/src/main/java
2019-02-12 11:44:43,371 [Worker-1: Importing Maven projects] INFO  o.e.m.j.i.AbstractJavaProjectConfigurator - Adding resource folder /Bibliografia/src/main/resources
2019-02-12 11:44:43,380 [Worker-1: Importing Maven projects] INFO  o.e.m.j.i.AbstractJavaProjectConfigurator - Adding resource folder /Bibliografia/src/main/resources
2019-02-12 11:44:43,386 [Worker-1: Importing Maven projects] INFO  o.e.m.j.i.AbstractJavaProjectConfigurator - Adding source folder /Bibliografia/src/test/java
2019-02-12 11:44:43,752 [Worker-1: Importing Maven projects] INFO  o.e.m.c.i.p.ProjectConfigurationManager - Imported and configured 1 project(s) in 5 sec
2019-02-12 11:44:48,856 [Worker-6: Building workspace] INFO  o.e.m.c.i.embedder.EclipseLogger - Using 'UTF-8' encoding to copy filtered resources.
2019-02-12 11:44:48,871 [Worker-6: Building workspace] INFO  o.e.m.c.i.embedder.EclipseLogger - Copying 1 resource
2019-02-12 11:44:48,898 [Worker-6: Building workspace] INFO  o.e.m.c.i.embedder.EclipseLogger - Copying 229 resources
2019-02-12 11:44:54,090 [Worker-6: Building workspace] INFO  o.e.m.c.i.embedder.EclipseLogger - Using 'UTF-8' encoding to copy filtered resources.
2019-02-12 11:44:54,090 [Worker-6: Building workspace] INFO  o.e.m.c.i.embedder.EclipseLogger - skip non existing resourceDirectory C:\Users\Usuario\Documents\GitHub\santatecla-bibliografia-2\Bibliografia\src\test\resources
2019-02-12 11:45:34,095 [Worker-7: Importing Maven projects] INFO  o.e.m.c.i.l.LifecycleMappingFactory - Using org.eclipse.m2e.jdt.JarLifecycleMapping lifecycle mapping for MavenProject: com.example:Bibliografia:0.0.1-SNAPSHOT @ C:\Users\Usuario\Documents\GitHub\santatecla-bibliografia-2\Bibliografia\pom.xml.
2019-02-12 11:45:35,098 [Worker-7: Importing Maven projects] INFO  o.e.m.j.i.AbstractJavaProjectConfigurator - Adding source folder /Bibliografia/src/main/java
2019-02-12 11:45:35,098 [Worker-7: Importing Maven projects] INFO  o.e.m.j.i.AbstractJavaProjectConfigurator - Adding resource folder /Bibliografia/src/main/resources
2019-02-12 11:45:35,103 [Worker-7: Importing Maven projects] INFO  o.e.m.j.i.AbstractJavaProjectConfigurator - Adding resource folder /Bibliografia/src/main/resources
2019-02-12 11:45:35,116 [Worker-7: Importing Maven projects] INFO  o.e.m.j.i.AbstractJavaProjectConfigurator - Adding source folder /Bibliografia/src/test/java
2019-02-12 11:45:35,567 [Worker-7: Importing Maven projects] INFO  o.e.m.c.i.p.ProjectConfigurationManager - Imported and configured 1 project(s) in 2 sec
2019-02-12 11:45:37,691 [Worker-0: Building workspace] INFO  o.e.m.c.i.embedder.EclipseLogger - Using 'UTF-8' encoding to copy filtered resources.
2019-02-12 11:45:37,694 [Worker-0: Building workspace] INFO  o.e.m.c.i.embedder.EclipseLogger - Copying 1 resource
2019-02-12 11:45:37,769 [Worker-0: Building workspace] INFO  o.e.m.c.i.embedder.EclipseLogger - Copying 229 resources
2019-02-12 11:45:41,407 [Worker-0: Building workspace] INFO  o.e.m.c.i.embedder.EclipseLogger - Using 'UTF-8' encoding to copy filtered resources.
2019-02-12 11:45:41,417 [Worker-0: Building workspace] INFO  o.e.m.c.i.embedder.EclipseLogger - skip non existing resourceDirectory C:\Users\Usuario\Documents\GitHub\santatecla-bibliografia-2\Bibliografia\src\test\resources
2019-02-13 11:05:05,789 [Worker-3: Loading available Gradle versions] INFO  o.e.b.c.i.u.g.PublishedGradleVersions - Gradle version information cache is out-of-date. Trying to update.
